生成启动时间为 2018/8/16 18:22:26。
     1>项目“C:\workspace\mygit\utils\Utils.vcxproj”在节点 2 上(Build 个目标)。
     1>ClCompile:
         C:\Program Files (x86)\Microsoft Visual Studio 12.0\VC\bin\CL.exe /c /Iinclude/ /ZI /nologo /W3 /WX- /sdl /Od /Oy- /D WIN32 /D _DEBUG /D _CONSOLE /D _LIB /D _CRT_SECURE_NO_WARNINGS /D _DLL_EXPORT /D _WINSOCK_DEPRECATED_NO_WARNINGS /D _MBCS /Gm /EHsc /RTC1 /MDd /GS /fp:precise /Zc:wchar_t /Zc:forScope /Fo"Debug\\" /Fd"Debug\vc120.pdb" /Gd /TP /analyze- /errorReport:prompt test.cpp
         test.cpp
     1>c:\workspace\mygit\utils\minidump\minidump.h(32): warning C4305: “初始化”: 从“int”到“char”截断
     1>c:\workspace\mygit\utils\minidump\minidump.h(32): warning C4309: “初始化”: 截断常量值
       Link:
         C:\Program Files (x86)\Microsoft Visual Studio 12.0\VC\bin\link.exe /ERRORREPORT:PROMPT /OUT:"C:\workspace\mygit\utils\Debug\Utils.exe" /INCREMENTAL /NOLOGO /LIBPATH:lib\openssl\out32 libeay32.lib ssleay32.lib kernel32.lib user32.lib gdi32.lib winspool.lib comdlg32.lib advapi32.lib shell32.lib ole32.lib oleaut32.lib uuid.lib odbc32.lib odbccp32.lib /MANIFEST /MANIFESTUAC:"level='asInvoker' uiAccess='false'" /manifest:embed /DEBUG /PDB:"C:\workspace\mygit\utils\Debug\Utils.pdb" /SUBSYSTEM:CONSOLE /TLBID:1 /DYNAMICBASE /NXCOMPAT /IMPLIB:"C:\workspace\mygit\utils\Debug\Utils.lib" /MACHINE:X86 Debug\base64.obj
         Debug\FileUtils.obj
         Debug\CSendMail.obj
         Debug\CSmtp.obj
         Debug\MD5Utils.obj
         Debug\stringutils.obj
         Debug\test.obj
         Debug\TimerProfiler.obj
         Debug\utils.obj
         Utils.vcxproj -> C:\workspace\mygit\utils\Debug\Utils.exe
     1>已完成生成项目“C:\workspace\mygit\utils\Utils.vcxproj”(Build 个目标)的操作。

生成成功。

已用时间 00:00:02.81
