c:\workspace\mygit\utils\debug\vc120.pdb
c:\workspace\mygit\utils\debug\vc120.idb
c:\workspace\mygit\utils\debug\fileutils.obj
c:\workspace\mygit\utils\debug\md5utils.obj
c:\workspace\mygit\utils\debug\stringutils.obj
c:\workspace\mygit\utils\debug\test.obj
c:\workspace\mygit\utils\debug\timerprofiler.obj
c:\workspace\mygit\utils\debug\utils.obj
c:\workspace\mygit\utils\debug\csendmail.obj
c:\workspace\mygit\utils\debug\base64.obj
c:\workspace\mygit\utils\debug\csmtp.obj
c:\workspace\mygit\utils\debug\utils.ilk
c:\workspace\mygit\utils\debug\utils.exe
c:\workspace\mygit\utils\debug\utils.pdb
c:\workspace\mygit\utils\debug\utils.lib
c:\workspace\mygit\utils\debug\utils.exp
c:\workspace\mygit\utils\debug\jsondemo.ilk
c:\workspace\mygit\utils\debug\websocket_client.ilk
c:\workspace\mygit\utils\debug\xmldemo.ilk
c:\workspace\mygit\utils\debug\jsondemo.pdb
c:\workspace\mygit\utils\debug\websocket_client.pdb
c:\workspace\mygit\utils\debug\xmldemo.pdb
c:\workspace\mygit\utils\debug\utils.tlog\cl.command.1.tlog
c:\workspace\mygit\utils\debug\utils.tlog\cl.read.1.tlog
c:\workspace\mygit\utils\debug\utils.tlog\cl.write.1.tlog
c:\workspace\mygit\utils\debug\utils.tlog\link.command.1.tlog
c:\workspace\mygit\utils\debug\utils.tlog\link.read.1.tlog
c:\workspace\mygit\utils\debug\utils.tlog\link.write.1.tlog
c:\workspace\mygit\utils\debug\utils.tlog\utils.write.1u.tlog
